<?xml version="1.0" encoding="UTF-8"?>
<!-- Generated by org.testng.reporters.JUnitXMLReporter -->
<testsuite hostname="DESKTOP-FID49DI" ignored="2" name="Default test" tests="1" failures="0" timestamp="13 Aug 2021 03:53:52 GMT" time="17.456" errors="0">
  <testcase name="search" time="6.397" classname="com.test.LoginandSearch"/>
  <testcase name="login_Negative" time="0.0" classname="com.test.LoginandSearch">
    <ignored/>
  </testcase> <!-- login_Negative -->
  <testcase name="login_Positive" time="0.0" classname="com.test.LoginandSearch">
    <ignored/>
  </testcase> <!-- login_Positive -->
</testsuite> <!-- Default test -->
