<?xml version="1.0" encoding="UTF-8"?>
<!-- Generated by org.testng.reporters.JUnitXMLReporter -->
<testsuite hostname="DESKTOP-FID49DI" ignored="1" name="Automation test" tests="2" failures="0" timestamp="14 Aug 2021 03:49:27 GMT" time="158.744" errors="0">
  <testcase name="login_Negative" time="29.088" classname="com.test.LoginandSearch"/>
  <testcase name="search" time="6.842" classname="com.test.LoginandSearch"/>
  <testcase name="login_Positive" time="0.0" classname="com.test.LoginandSearch">
    <ignored/>
  </testcase> <!-- login_Positive -->
</testsuite> <!-- Automation test -->
